c:\users\luis\desktop\segundo ciclo 2019\pa\proyecto2_marianagonzalez_1097019\proyecto2_marianagonzalez_1097019\debug\vc141.pdb
c:\users\luis\desktop\segundo ciclo 2019\pa\proyecto2_marianagonzalez_1097019\proyecto2_marianagonzalez_1097019\debug\usuario.obj
c:\users\luis\desktop\segundo ciclo 2019\pa\proyecto2_marianagonzalez_1097019\proyecto2_marianagonzalez_1097019\debug\recordatorio.obj
c:\users\luis\desktop\segundo ciclo 2019\pa\proyecto2_marianagonzalez_1097019\proyecto2_marianagonzalez_1097019\debug\nodo.obj
c:\users\luis\desktop\segundo ciclo 2019\pa\proyecto2_marianagonzalez_1097019\proyecto2_marianagonzalez_1097019\debug\myform2.obj
c:\users\luis\desktop\segundo ciclo 2019\pa\proyecto2_marianagonzalez_1097019\proyecto2_marianagonzalez_1097019\debug\myform1.obj
c:\users\luis\desktop\segundo ciclo 2019\pa\proyecto2_marianagonzalez_1097019\proyecto2_marianagonzalez_1097019\debug\myform.obj
c:\users\luis\desktop\segundo ciclo 2019\pa\proyecto2_marianagonzalez_1097019\proyecto2_marianagonzalez_1097019\debug\lista.obj
c:\users\luis\desktop\segundo ciclo 2019\pa\proyecto2_marianagonzalez_1097019\proyecto2_marianagonzalez_1097019\debug\general.obj
c:\users\luis\desktop\segundo ciclo 2019\pa\proyecto2_marianagonzalez_1097019\proyecto2_marianagonzalez_1097019\debug\alarma.obj
c:\users\luis\desktop\segundo ciclo 2019\pa\proyecto2_marianagonzalez_1097019\proyecto2_marianagonzalez_1097019\debug\actividad.obj
c:\users\luis\desktop\segundo ciclo 2019\pa\proyecto2_marianagonzalez_1097019\proyecto2_marianagonzalez_1097019\debug\.netframework,version=v4.5.2.assemblyattributes.obj
c:\users\luis\desktop\segundo ciclo 2019\pa\proyecto2_marianagonzalez_1097019\proyecto2_marianagonzalez_1097019\debug\.netframework,version=v4.5.2.assemblyattributes.asm
c:\users\luis\desktop\segundo ciclo 2019\pa\proyecto2_marianagonzalez_1097019\debug\proyecto2_marianagonzalez_1097019.exe
c:\users\luis\desktop\segundo ciclo 2019\pa\proyecto2_marianagonzalez_1097019\debug\proyecto2_marianagonzalez_1097019.pdb
c:\users\luis\desktop\segundo ciclo 2019\pa\proyecto2_marianagonzalez_1097019\proyecto2_marianagonzalez_1097019\debug\proyecto2marianagonzalez1097019.myform.resources
c:\users\luis\desktop\segundo ciclo 2019\pa\proyecto2_marianagonzalez_1097019\proyecto2_marianagonzalez_1097019\debug\proyecto2marianagonzalez1097019.myform1.resources
c:\users\luis\desktop\segundo ciclo 2019\pa\proyecto2_marianagonzalez_1097019\proyecto2_marianagonzalez_1097019\debug\proyecto2marianagonzalez1097019.myform2.resources
c:\users\luis\desktop\segundo ciclo 2019\pa\proyecto2_marianagonzalez_1097019\proyecto2_marianagonzalez_1097019\debug\proyecto2_marianagonzalez_1097019.vcxproj.generateresource.cache
c:\users\luis\desktop\segundo ciclo 2019\pa\proyecto2_marianagonzalez_1097019\proyecto2_marianagonzalez_1097019\debug\proyecto2_marianagonzalez_1097019.vcxprojassemblyreference.cache
c:\users\luis\desktop\segundo ciclo 2019\pa\proyecto2_marianagonzalez_1097019\proyecto2_marianagonzalez_1097019\debug\proyecto.3be6322a.tlog\cl.command.1.tlog
c:\users\luis\desktop\segundo ciclo 2019\pa\proyecto2_marianagonzalez_1097019\proyecto2_marianagonzalez_1097019\debug\proyecto.3be6322a.tlog\cl.read.1.tlog
c:\users\luis\desktop\segundo ciclo 2019\pa\proyecto2_marianagonzalez_1097019\proyecto2_marianagonzalez_1097019\debug\proyecto.3be6322a.tlog\cl.write.1.tlog
c:\users\luis\desktop\segundo ciclo 2019\pa\proyecto2_marianagonzalez_1097019\proyecto2_marianagonzalez_1097019\debug\proyecto.3be6322a.tlog\link.command.1.tlog
c:\users\luis\desktop\segundo ciclo 2019\pa\proyecto2_marianagonzalez_1097019\proyecto2_marianagonzalez_1097019\debug\proyecto.3be6322a.tlog\link.read.1.tlog
c:\users\luis\desktop\segundo ciclo 2019\pa\proyecto2_marianagonzalez_1097019\proyecto2_marianagonzalez_1097019\debug\proyecto.3be6322a.tlog\link.write.1.tlog
c:\users\luis\desktop\segundo ciclo 2019\pa\proyecto2_marianagonzalez_1097019\proyecto2_marianagonzalez_1097019\debug\proyecto.3be6322a.tlog\metagen.read.1.tlog
c:\users\luis\desktop\segundo ciclo 2019\pa\proyecto2_marianagonzalez_1097019\proyecto2_marianagonzalez_1097019\debug\proyecto.3be6322a.tlog\metagen.write.1.tlog
c:\users\luis\desktop\segundo ciclo 2019\pa\proyecto2_marianagonzalez_1097019\proyecto2_marianagonzalez_1097019\debug\proyecto.3be6322a.tlog\proyecto2_marianagonzalez_1097019.write.1u.tlog
